<?xml version="1.0" encoding="UTF-8"?>
<!-- Generated by org.testng.reporters.JUnitReportReporter -->
<testsuite hostname="badabeeddccbcbefdcfaadddfaeec-0" failures="0" tests="3" name="testcases.Testcase1" time="36.208" errors="0" timestamp="2023-08-21T11:31:35 UTC" skipped="0">
  <testcase classname="testcases.Testcase1" name="TestTodaysDeal" time="7.566"/>
  <testcase classname="testcases.Testcase1" name="TestProductClick" time="7.897"/>
  <testcase classname="testcases.Testcase1" name="AddCartTest" time="20.745"/>
</testsuite> <!-- testcases.Testcase1 -->
